\BOOKMARK [1][-]{section.1}{Scope\040and\040applicability}{}% 1
\BOOKMARK [1][-]{section.2}{Introduction}{}% 2
\BOOKMARK [1][-]{section.3}{Recruitment}{}% 3
\BOOKMARK [2][-]{subsection.3.1}{Recruitment\040of\040cases}{section.3}% 4
\BOOKMARK [2][-]{subsection.3.2}{Recruitment\040of\040controls}{section.3}% 5
\BOOKMARK [1][-]{section.4}{Exposure\040assessment}{}% 6
\BOOKMARK [1][-]{section.5}{Introduction}{}% 7
\BOOKMARK [1][-]{section.6}{Occupational\040history}{}% 8
\BOOKMARK [1][-]{section.7}{Cohabitation\040history}{}% 9
\BOOKMARK [1][-]{section.8}{Smoking\040history}{}% 10
\BOOKMARK [1][-]{section.9}{mMRC\040dyspnoea\040questions}{}% 11
\BOOKMARK [1][-]{section.10}{Drug\040and\040medical\040history}{}% 12
\BOOKMARK [1][-]{section.11}{Family\040history}{}% 13
\BOOKMARK [1][-]{section.12}{Asbestos\040exposure\040history}{}% 14
\BOOKMARK [1][-]{section.13}{\(for\040cases\040only\)\040how\040were\040you\040diagnosed}{}% 15
\BOOKMARK [1][-]{section.14}{Ethnicity}{}% 16
\BOOKMARK [1][-]{section.15}{Thank-you\040and\040updates}{}% 17
\BOOKMARK [1][-]{section.16}{Venepuncture,\040sample\040storage,\040transportation,\040and\040processing}{}% 18
\BOOKMARK [1][-]{section.17}{Unique\040research\040IDs}{}% 19
\BOOKMARK [1][-]{section.18}{Study\040documentation\040and\040logs}{}% 20
\BOOKMARK [1][-]{section.19}{Tissue-tracking\040and\040communication}{}% 21
