\BOOKMARK [1][-]{section*.11}{Glossary}{}% 1
\BOOKMARK [1][-]{section*.14}{Study\040Summary}{}% 2
\BOOKMARK [1][-]{section.1}{Introduction}{}% 3
\BOOKMARK [2][-]{subsection.1.1}{Background}{section.1}% 4
\BOOKMARK [1][-]{section.2}{Study\040objectives}{}% 5
\BOOKMARK [1][-]{section.3}{Study\040design}{}% 6
\BOOKMARK [2][-]{subsection.3.1}{Study\040outcome\040measures}{section.3}% 7
\BOOKMARK [1][-]{section.4}{Participant\040entry}{}% 8
\BOOKMARK [2][-]{subsection.4.1}{Pre-registration\040evaluations}{section.4}% 9
\BOOKMARK [2][-]{subsection.4.2}{Sampling}{section.4}% 10
\BOOKMARK [2][-]{subsection.4.3}{Inclusion\040criteria}{section.4}% 11
\BOOKMARK [2][-]{subsection.4.4}{Exclusion\040criteria}{section.4}% 12
\BOOKMARK [2][-]{subsection.4.5}{Withdrawal\040criteria}{section.4}% 13
\BOOKMARK [1][-]{section.5}{Adverse\040events}{}% 14
\BOOKMARK [2][-]{subsection.5.1}{Definitions}{section.5}% 15
\BOOKMARK [2][-]{subsection.5.2}{Reporting\040Procedures}{section.5}% 16
\BOOKMARK [3][-]{subsubsection.5.2.1}{Non\040serious\040AEs}{subsection.5.2}% 17
\BOOKMARK [1][-]{section.6}{Assessment\040and\040follow\040up}{}% 18
\BOOKMARK [1][-]{section.7}{Statistics\040and\040data\040analysis}{}% 19
\BOOKMARK [1][-]{section.8}{Regulatory\040issues}{}% 20
\BOOKMARK [2][-]{subsection.8.1}{Ethics\040approval}{section.8}% 21
\BOOKMARK [2][-]{subsection.8.2}{Consent}{section.8}% 22
\BOOKMARK [2][-]{subsection.8.3}{Confidentiality}{section.8}% 23
\BOOKMARK [2][-]{subsection.8.4}{Indemnity}{section.8}% 24
\BOOKMARK [2][-]{subsection.8.5}{Sponsor}{section.8}% 25
\BOOKMARK [2][-]{subsection.8.6}{Funding}{section.8}% 26
\BOOKMARK [2][-]{subsection.8.7}{Audits\040and\040inspections}{section.8}% 27
\BOOKMARK [1][-]{section.9}{Study\040management}{}% 28
\BOOKMARK [1][-]{section.10}{Publication\040policy}{}% 29
\BOOKMARK [1][-]{section*.26}{Appendices}{}% 30
\BOOKMARK [1][-]{Appendix.1.A}{Appendix\040Research\040outputs}{}% 31
\BOOKMARK [1][-]{Appendix.1.B}{Appendix\040Study\040flow\040chart\040and\040Gannt\040chart}{}% 32
\BOOKMARK [1][-]{Appendix.1.C}{Appendix\040Study\040standard\040operating\040procedure}{}% 33
